<?xml version="1.0" encoding="UTF-8"?>
<!-- Generated by org.testng.reporters.JUnitReportReporter -->
<testsuite hostname="MikhailS" name="addressbook.tests.NonEmptyGroupCreation" tests="1" failures="0" timestamp="19 Sep 2015 15:35:05 GMT" time="1.797" errors="0">
  <testcase name="testNonEmptyGroupCreation" time="1.797" classname="addressbook.tests.NonEmptyGroupCreation"/>
</testsuite> <!-- addressbook.tests.NonEmptyGroupCreation -->
