<?xml version="1.0" encoding="UTF-8"?>
<!-- Generated by org.testng.reporters.JUnitReportReporter -->
<testsuite hostname="MikhailS" name="addressbook.tests.NonEmptyGroupCreation" tests="1" failures="0" timestamp="30 Aug 2015 17:43:45 GMT" time="0.970" errors="0">
  <testcase name="testNonEmptyGroupCreation" time="0.970" classname="addressbook.tests.NonEmptyGroupCreation"/>
</testsuite> <!-- addressbook.tests.NonEmptyGroupCreation -->
