<?xml version="1.0" encoding="UTF-8"?>
<!-- Generated by org.testng.reporters.JUnitReportReporter -->
<testsuite hostname="MikhailS" name="addressbook.tests.EmptyGroupCreation" tests="1" failures="0" timestamp="10 Sep 2015 15:21:52 GMT" time="0.601" errors="0">
  <testcase name="testNonEmptyGroupCreation" time="0.601" classname="addressbook.tests.EmptyGroupCreation"/>
</testsuite> <!-- addressbook.tests.EmptyGroupCreation -->
