<?xml version="1.0" encoding="UTF-8"?>
<!-- Generated by org.testng.reporters.JUnitReportReporter -->
<testsuite hostname="MikhailS" name="addressbook.tests.AddContact" tests="1" failures="0" timestamp="30 Aug 2015 17:43:45 GMT" time="1.624" errors="0">
  <testcase name="testAddContact" time="1.624" classname="addressbook.tests.AddContact"/>
</testsuite> <!-- addressbook.tests.AddContact -->
