<?xml version="1.0" encoding="UTF-8"?>
<!-- Generated by org.testng.reporters.JUnitReportReporter -->
<testsuite hostname="MikhailS" name="addressbook.tests.GroupModificationTests" tests="1" failures="0" timestamp="19 Sep 2015 15:45:22 GMT" time="1.624" errors="0">
  <testcase name="modifySomeGroup" time="1.624" classname="addressbook.tests.GroupModificationTests"/>
</testsuite> <!-- addressbook.tests.GroupModificationTests -->
