<?xml version="1.0" encoding="UTF-8"?>
<!-- Generated by org.testng.reporters.JUnitReportReporter -->
<testsuite hostname="MikhailS" name="addressbook.tests.EmptyGroupCreation" tests="1" failures="0" timestamp="24 Aug 2015 11:04:43 GMT" time="0.619" errors="0">
  <testcase name="testNonEmptyGroupCreation" time="0.619" classname="addressbook.tests.EmptyGroupCreation"/>
</testsuite> <!-- addressbook.tests.EmptyGroupCreation -->
