<?xml version="1.0" encoding="UTF-8"?>
<!-- Generated by org.testng.reporters.JUnitReportReporter -->
<testsuite hostname="MikhailS" name="addressbook.tests.EmptyContactCreation" tests="1" failures="0" timestamp="10 Sep 2015 15:21:52 GMT" time="0.919" errors="0">
  <testcase name="testAddEmptyContact" time="0.919" classname="addressbook.tests.EmptyContactCreation"/>
</testsuite> <!-- addressbook.tests.EmptyContactCreation -->
