<?xml version="1.0" encoding="UTF-8"?>
<!-- Generated by org.testng.reporters.JUnitReportReporter -->
<testsuite hostname="MikhailS" name="addressbook.tests.GroupCreation" tests="2" failures="0" timestamp="21 Aug 2015 20:02:29 GMT" time="1.449" errors="0">
  <testcase name="testEmptyGroupCreation" time="0.754" classname="addressbook.tests.GroupCreation"/>
  <testcase name="testNonEmptyGroupCreation" time="0.695" classname="addressbook.tests.GroupCreation"/>
</testsuite> <!-- addressbook.tests.GroupCreation -->
