<?xml version="1.0" encoding="UTF-8"?>
<!-- Generated by org.testng.reporters.JUnitReportReporter -->
<testsuite hostname="MikhailS" name="addressbook.tests.GroupModificationTests" tests="1" failures="0" timestamp="10 Sep 2015 15:21:52 GMT" time="0.866" errors="0">
  <testcase name="modifySomeGroup" time="0.866" classname="addressbook.tests.GroupModificationTests"/>
</testsuite> <!-- addressbook.tests.GroupModificationTests -->
