<?xml version="1.0" encoding="UTF-8"?>
<!-- Generated by org.testng.reporters.JUnitReportReporter -->
<testsuite hostname="MikhailS" name="addressbook.tests.AddContact" tests="1" failures="0" timestamp="24 Aug 2015 11:04:43 GMT" time="1.448" errors="0">
  <testcase name="testAddContact" time="1.448" classname="addressbook.tests.AddContact"/>
</testsuite> <!-- addressbook.tests.AddContact -->
