<?xml version="1.0" encoding="UTF-8"?>
<!-- Generated by org.testng.reporters.JUnitReportReporter -->
<testsuite hostname="MikhailS" name="addressbook.tests.GroupModificationTests" tests="1" failures="0" timestamp="30 Aug 2015 17:43:45 GMT" time="1.357" errors="0">
  <testcase name="modifySomeGroup" time="1.357" classname="addressbook.tests.GroupModificationTests"/>
</testsuite> <!-- addressbook.tests.GroupModificationTests -->
