<?xml version="1.0" encoding="UTF-8"?>
<!-- Generated by org.testng.reporters.JUnitReportReporter -->
<testsuite hostname="MikhailS" name="addressbook.tests.AddContact" tests="1" failures="0" timestamp="10 Sep 2015 15:21:52 GMT" time="1.149" errors="0">
  <testcase name="testAddContact" time="1.149" classname="addressbook.tests.AddContact"/>
</testsuite> <!-- addressbook.tests.AddContact -->
