<?xml version="1.0" encoding="UTF-8"?>
<!-- Generated by org.testng.reporters.JUnitReportReporter -->
<testsuite hostname="MikhailS" name="addressbook.tests.ContactModificationTest" tests="1" failures="0" timestamp="10 Sep 2015 15:21:52 GMT" time="0.576" errors="0">
  <testcase name="modifySomeContact" time="0.576" classname="addressbook.tests.ContactModificationTest"/>
</testsuite> <!-- addressbook.tests.ContactModificationTest -->
