<?xml version="1.0" encoding="UTF-8"?>
<!-- Generated by org.testng.reporters.JUnitReportReporter -->
<testsuite hostname="MikhailS" name="addressbook.tests.NonEmptyGroupCreation" tests="1" failures="0" timestamp="24 Aug 2015 11:04:43 GMT" time="0.750" errors="0">
  <testcase name="testNonEmptyGroupCreation" time="0.750" classname="addressbook.tests.NonEmptyGroupCreation"/>
</testsuite> <!-- addressbook.tests.NonEmptyGroupCreation -->
