<?xml version="1.0" encoding="UTF-8"?>
<!-- Generated by org.testng.reporters.JUnitReportReporter -->
<testsuite hostname="MikhailS" name="addressbook.tests.GroupRemovalTests" tests="1" failures="0" timestamp="19 Sep 2015 15:42:52 GMT" time="1.518" errors="0">
  <testcase name="deleteSomeGroup" time="1.518" classname="addressbook.tests.GroupRemovalTests"/>
</testsuite> <!-- addressbook.tests.GroupRemovalTests -->
