<?xml version="1.0" encoding="UTF-8"?>
<!-- Generated by org.testng.reporters.JUnitReportReporter -->
<testsuite hostname="MikhailS" name="addressbook.tests.GroupModificationTests" tests="1" failures="0" timestamp="30 Aug 2015 17:01:01 GMT" time="0.849" errors="0">
  <testcase name="modifySomeGroup" time="0.849" classname="addressbook.tests.GroupModificationTests"/>
</testsuite> <!-- addressbook.tests.GroupModificationTests -->
