<?xml version="1.0" encoding="UTF-8"?>
<!-- Generated by org.testng.reporters.JUnitReportReporter -->
<testsuite hostname="MikhailS" name="addressbook.tests.EmptyGroupCreation" tests="1" failures="0" timestamp="30 Aug 2015 17:43:45 GMT" time="0.843" errors="0">
  <testcase name="testNonEmptyGroupCreation" time="0.843" classname="addressbook.tests.EmptyGroupCreation"/>
</testsuite> <!-- addressbook.tests.EmptyGroupCreation -->
