<?xml version="1.0" encoding="UTF-8"?>
<!-- Generated by org.testng.reporters.JUnitReportReporter -->
<testsuite hostname="MikhailS" name="addressbook.tests.GroupRemovalTests" tests="1" failures="0" timestamp="10 Sep 2015 15:21:52 GMT" time="0.500" errors="0">
  <testcase name="deleteSomeGroup" time="0.500" classname="addressbook.tests.GroupRemovalTests"/>
</testsuite> <!-- addressbook.tests.GroupRemovalTests -->
