<?xml version="1.0" encoding="UTF-8"?>
<!-- Generated by org.testng.reporters.JUnitReportReporter -->
<testsuite hostname="MikhailS" name="addressbook.tests.EmptyGroupCreation" tests="1" failures="0" timestamp="17 Sep 2015 12:34:25 GMT" time="1.602" errors="0">
  <testcase name="testNonEmptyGroupCreation" time="1.602" classname="addressbook.tests.EmptyGroupCreation"/>
</testsuite> <!-- addressbook.tests.EmptyGroupCreation -->
